<?xml version="1.0" encoding="UTF-8"?>
<!-- Generated by org.testng.reporters.JUnitReportReporter -->
<testsuite skipped="0" hostname="VITTHAL" name="testng.TestNgParam1" tests="5" failures="0" timestamp="2022-05-14T07:55:13 IST" time="0.015" errors="0">
  <testcase name="Param1" time="0.008" classname="testng.TestNgParam1"/>
  <system-out/>
  <testcase name="Param1" time="0.002" classname="testng.TestNgParam1"/>
  <system-out/>
  <testcase name="Param1" time="0.002" classname="testng.TestNgParam1"/>
  <system-out/>
  <testcase name="Param1" time="0.001" classname="testng.TestNgParam1"/>
  <system-out/>
  <testcase name="Param1" time="0.002" classname="testng.TestNgParam1"/>
  <system-out/>
</testsuite> <!-- testng.TestNgParam1 -->
