<?xml version="1.0" encoding="UTF-8"?>
<!-- Generated by org.testng.reporters.JUnitReportReporter -->
<testsuite skipped="0" hostname="VITTHAL" name="testNGAnnotation.AnnotatioPriority" tests="3" failures="0" timestamp="2022-07-03T10:01:38 IST" time="0.010" errors="0">
  <testcase name="login" time="0.005" classname="testNGAnnotation.AnnotatioPriority"/>
  <system-out/>
  <testcase name="sendMail" time="0.005" classname="testNGAnnotation.AnnotatioPriority"/>
  <system-out/>
  <testcase name="logout" time="0.000" classname="testNGAnnotation.AnnotatioPriority"/>
  <system-out/>
</testsuite> <!-- testNGAnnotation.AnnotatioPriority -->
