<?xml version="1.0" encoding="UTF-8"?>
<!-- Generated by org.testng.reporters.JUnitReportReporter -->
<testsuite skipped="0" hostname="VITTHAL" name="testng.TestNg2" tests="2" failures="0" timestamp="2022-05-14T23:43:31 IST" time="0.009" errors="0">
  <testcase name="verifyLogin" time="0.006" classname="testng.TestNg2"/>
  <system-out/>
  <testcase name="createTask" time="0.003" classname="testng.TestNg2"/>
  <system-out/>
</testsuite> <!-- testng.TestNg2 -->
