<?xml version="1.0" encoding="UTF-8"?>
<!-- Generated by org.testng.reporters.JUnitReportReporter -->
<testsuite skipped="0" hostname="VITTHAL" name="testng.ActiTimeLogIn" tests="2" failures="0" timestamp="2022-08-31T14:12:37 IST" time="33.350" errors="0">
  <testcase name="loginPageValidationInActitimeApplication" time="12.848" classname="testng.ActiTimeLogIn"/>
  <system-out/>
  <testcase name="loginLogoutInActitimeApplication" time="20.502" classname="testng.ActiTimeLogIn"/>
  <system-out/>
</testsuite> <!-- testng.ActiTimeLogIn -->
