<?xml version="1.0" encoding="UTF-8"?>
<!-- Generated by org.testng.reporters.JUnitReportReporter -->
<testsuite skipped="0" hostname="VITTHAL" name="testng.TestNg3" tests="2" failures="0" timestamp="2022-05-14T07:48:49 IST" time="0.008" errors="0">
  <testcase name="verifyLogin" time="0.007" classname="testng.TestNg3"/>
  <system-out/>
  <testcase name="createTask" time="0.001" classname="testng.TestNg3"/>
  <system-out/>
</testsuite> <!-- testng.TestNg3 -->
